2016-04-07 22:56:48   Perhaps the link is broken or does not exist - http://ted.europa.eu/udl?uri=TED:NOTICE:3-2016:TEXT:EN:HTML&src=0 . Here is some help with traceback:java.lang.NumberFormatException: For input string: " United Kingdom"
	at java.lang.NumberFormatException.forInputString(Unknown Source)
	at java.lang.Integer.parseInt(Unknown Source)
	at java.lang.Integer.valueOf(Unknown Source)
	at com.jbt.Efsa.scrape(Efsa.java:285)
	at com.jbt.Efsa.efsaMain(Efsa.java:42)
	at com.jbt.Run.main(Run.java:71)

2016-04-07 22:56:48   Perhaps the link is broken or does not exist - http://ted.europa.eu/udl?uri=TED:NOTICE:5-2016:TEXT:EN:HTML&src=0 . Here is some help with traceback:java.lang.NumberFormatException: For input string: " Netherlands"
	at java.lang.NumberFormatException.forInputString(Unknown Source)
	at java.lang.Integer.parseInt(Unknown Source)
	at java.lang.Integer.valueOf(Unknown Source)
	at com.jbt.Efsa.scrape(Efsa.java:285)
	at com.jbt.Efsa.efsaMain(Efsa.java:42)
	at com.jbt.Run.main(Run.java:71)

2016-04-07 22:56:48   Perhaps the link is broken or does not exist - http://ted.europa.eu/udl?uri=TED:NOTICE:2-2016:TEXT:EN:HTML&src=0 . Here is some help with traceback:java.lang.NumberFormatException: For input string: " Spain"
	at java.lang.NumberFormatException.forInputString(Unknown Source)
	at java.lang.Integer.parseInt(Unknown Source)
	at java.lang.Integer.valueOf(Unknown Source)
	at com.jbt.Efsa.scrape(Efsa.java:285)
	at com.jbt.Efsa.efsaMain(Efsa.java:42)
	at com.jbt.Run.main(Run.java:71)

2016-04-07 22:56:48   Perhaps the link is broken or does not exist - http://ted.europa.eu/udl?uri=TED:NOTICE:434796-2015:TEXT:EN:HTML . Here is some help with traceback:java.lang.NumberFormatException: For input string: " United Kingdom "
	at java.lang.NumberFormatException.forInputString(Unknown Source)
	at java.lang.Integer.parseInt(Unknown Source)
	at java.lang.Integer.valueOf(Unknown Source)
	at com.jbt.Efsa.scrape(Efsa.java:285)
	at com.jbt.Efsa.efsaMain(Efsa.java:42)
	at com.jbt.Run.main(Run.java:71)

2016-04-07 22:56:48   Perhaps the link is broken or does not exist - http://ted.europa.eu/udl?uri=TED:NOTICE:438490-2015:TEXT:EN:HTML . Here is some help with traceback:java.lang.NumberFormatException: For input string: " Netherlands "
	at java.lang.NumberFormatException.forInputString(Unknown Source)
	at java.lang.Integer.parseInt(Unknown Source)
	at java.lang.Integer.valueOf(Unknown Source)
	at com.jbt.Efsa.scrape(Efsa.java:285)
	at com.jbt.Efsa.efsaMain(Efsa.java:42)
	at com.jbt.Run.main(Run.java:71)

2016-04-07 22:56:48   Perhaps the link is broken or does not exist - http://ted.europa.eu/udl?uri=TED:NOTICE:408690-2015:TEXT:EN:HTML&src=0 . Here is some help with traceback:java.lang.NumberFormatException: For input string: " United States"
	at java.lang.NumberFormatException.forInputString(Unknown Source)
	at java.lang.Integer.parseInt(Unknown Source)
	at java.lang.Integer.valueOf(Unknown Source)
	at com.jbt.Efsa.scrape(Efsa.java:285)
	at com.jbt.Efsa.efsaMain(Efsa.java:42)
	at com.jbt.Run.main(Run.java:71)

2016-04-07 22:56:48   Perhaps the link is broken or does not exist - http://ted.europa.eu/udl?uri=TED:NOTICE:24834-2016:TEXT:EN:HTML&tabId=1 . Here is some help with traceback:java.lang.NumberFormatException: For input string: " Germany"
	at java.lang.NumberFormatException.forInputString(Unknown Source)
	at java.lang.Integer.parseInt(Unknown Source)
	at java.lang.Integer.valueOf(Unknown Source)
	at com.jbt.Efsa.scrape(Efsa.java:285)
	at com.jbt.Efsa.efsaMain(Efsa.java:42)
	at com.jbt.Run.main(Run.java:71)

2016-04-07 22:56:48   Perhaps the link is broken or does not exist - http://ted.europa.eu/udl?uri=TED:NOTICE:424507-2015:TEXT:EN:HTML . Here is some help with traceback:java.lang.NumberFormatException: For input string: " Czech Republic"
	at java.lang.NumberFormatException.forInputString(Unknown Source)
	at java.lang.Integer.parseInt(Unknown Source)
	at java.lang.Integer.valueOf(Unknown Source)
	at com.jbt.Efsa.scrape(Efsa.java:285)
	at com.jbt.Efsa.efsaMain(Efsa.java:42)
	at com.jbt.Run.main(Run.java:71)

2016-04-07 22:56:48   Perhaps the link is broken or does not exist - http://ted.europa.eu/udl?uri=TED:NOTICE:440496-2015:TEXT:EN:HTML&tabId=0 . Here is some help with traceback:java.lang.NumberFormatException: For input string: " Italy"
	at java.lang.NumberFormatException.forInputString(Unknown Source)
	at java.lang.Integer.parseInt(Unknown Source)
	at java.lang.Integer.valueOf(Unknown Source)
	at com.jbt.Efsa.scrape(Efsa.java:285)
	at com.jbt.Efsa.efsaMain(Efsa.java:42)
	at com.jbt.Run.main(Run.java:71)

2016-04-07 22:56:48   Perhaps the link is broken or does not exist - http://ted.europa.eu/udl?uri=TED:NOTICE:340264-2015:TEXT:EN:HTML&src=0 . Here is some help with traceback:java.lang.NumberFormatException: For input string: " Netherlands"
	at java.lang.NumberFormatException.forInputString(Unknown Source)
	at java.lang.Integer.parseInt(Unknown Source)
	at java.lang.Integer.valueOf(Unknown Source)
	at com.jbt.Efsa.scrape(Efsa.java:285)
	at com.jbt.Efsa.efsaMain(Efsa.java:42)
	at com.jbt.Run.main(Run.java:71)

2016-04-07 22:56:48   Perhaps the link is broken or does not exist - http://ted.europa.eu/udl?uri=TED:NOTICE:417309-2015:TEXT:EN:HTML . Here is some help with traceback:java.lang.NumberFormatException: For input string: " Belgium"
	at java.lang.NumberFormatException.forInputString(Unknown Source)
	at java.lang.Integer.parseInt(Unknown Source)
	at java.lang.Integer.valueOf(Unknown Source)
	at com.jbt.Efsa.scrape(Efsa.java:285)
	at com.jbt.Efsa.efsaMain(Efsa.java:42)
	at com.jbt.Run.main(Run.java:71)

2016-04-07 22:56:48   Perhaps the link is broken or does not exist - http://ted.europa.eu/udl?uri=TED:NOTICE:444393-2015:TEXT:EN:HTML . Here is some help with traceback:java.lang.NumberFormatException: For input string: " Poland"
	at java.lang.NumberFormatException.forInputString(Unknown Source)
	at java.lang.Integer.parseInt(Unknown Source)
	at java.lang.Integer.valueOf(Unknown Source)
	at com.jbt.Efsa.scrape(Efsa.java:285)
	at com.jbt.Efsa.efsaMain(Efsa.java:42)
	at com.jbt.Run.main(Run.java:71)

2016-04-07 22:56:48   Perhaps the link is broken or does not exist - http://ted.europa.eu/udl?uri=TED:NOTICE:429597-2015:TEXT:EN:HTML&src=0&tabId=0 . Here is some help with traceback:java.lang.NumberFormatException: For input string: " United Kingdom"
	at java.lang.NumberFormatException.forInputString(Unknown Source)
	at java.lang.Integer.parseInt(Unknown Source)
	at java.lang.Integer.valueOf(Unknown Source)
	at com.jbt.Efsa.scrape(Efsa.java:285)
	at com.jbt.Efsa.efsaMain(Efsa.java:42)
	at com.jbt.Run.main(Run.java:71)

2016-04-07 22:56:48   Perhaps the link is broken or does not exist - http://ted.europa.eu/udl?uri=TED:NOTICE:376773-2015:TEXT:EN:HTML&tabId=0 . Here is some help with traceback:java.lang.NumberFormatException: For input string: " Italy"
	at java.lang.NumberFormatException.forInputString(Unknown Source)
	at java.lang.Integer.parseInt(Unknown Source)
	at java.lang.Integer.valueOf(Unknown Source)
	at com.jbt.Efsa.scrape(Efsa.java:285)
	at com.jbt.Efsa.efsaMain(Efsa.java:42)
	at com.jbt.Run.main(Run.java:71)

2016-04-07 22:56:48   Perhaps the link is broken or does not exist - http://ted.europa.eu/udl?uri=TED:NOTICE:380560-2015:TEXT:EN:HTML&tabId=0 . Here is some help with traceback:java.lang.NumberFormatException: For input string: " Germany"
	at java.lang.NumberFormatException.forInputString(Unknown Source)
	at java.lang.Integer.parseInt(Unknown Source)
	at java.lang.Integer.valueOf(Unknown Source)
	at com.jbt.Efsa.scrape(Efsa.java:285)
	at com.jbt.Efsa.efsaMain(Efsa.java:42)
	at com.jbt.Run.main(Run.java:71)

2016-04-07 22:56:48   Perhaps the link is broken or does not exist - http://ted.europa.eu/udl?uri=TED:NOTICE:371539-2015:TEXT:EN:HTML&tabId=0 . Here is some help with traceback:java.lang.NumberFormatException: For input string: " Austria"
	at java.lang.NumberFormatException.forInputString(Unknown Source)
	at java.lang.Integer.parseInt(Unknown Source)
	at java.lang.Integer.valueOf(Unknown Source)
	at com.jbt.Efsa.scrape(Efsa.java:285)
	at com.jbt.Efsa.efsaMain(Efsa.java:42)
	at com.jbt.Run.main(Run.java:71)

2016-04-07 22:56:48   Perhaps the link is broken or does not exist - http://ted.europa.eu/udl?uri=TED:NOTICE:393254-2015:TEXT:EN:HTML&tabId=1 . Here is some help with traceback:java.lang.NumberFormatException: For input string: " Croatia"
	at java.lang.NumberFormatException.forInputString(Unknown Source)
	at java.lang.Integer.parseInt(Unknown Source)
	at java.lang.Integer.valueOf(Unknown Source)
	at com.jbt.Efsa.scrape(Efsa.java:285)
	at com.jbt.Efsa.efsaMain(Efsa.java:42)
	at com.jbt.Run.main(Run.java:71)

2016-04-07 22:56:48   Perhaps the link is broken or does not exist - http://ted.europa.eu/udl?uri=TED:NOTICE:328519-2015:TEXT:DE:HTML&tabId=1 . Here is some help with traceback:java.lang.NullPointerException
	at com.jbt.Efsa.scrape(Efsa.java:156)
	at com.jbt.Efsa.efsaMain(Efsa.java:42)
	at com.jbt.Run.main(Run.java:71)

2016-04-07 22:56:48   Perhaps the link is broken or does not exist - http://ted.europa.eu/udl?uri=TED:NOTICE:253744-2015:TEXT:EN:HTML . Here is some help with traceback:java.lang.NumberFormatException: For input string: " Italy"
	at java.lang.NumberFormatException.forInputString(Unknown Source)
	at java.lang.Integer.parseInt(Unknown Source)
	at java.lang.Integer.valueOf(Unknown Source)
	at com.jbt.Efsa.scrape(Efsa.java:285)
	at com.jbt.Efsa.efsaMain(Efsa.java:42)
	at com.jbt.Run.main(Run.java:71)

2016-04-07 22:56:48   Perhaps the link is broken or does not exist - http://ted.europa.eu/udl?uri=TED:NOTICE:221694-2015:TEXT:EN:HTML&tabId=0 . Here is some help with traceback:java.lang.NumberFormatException: For input string: " Italy"
	at java.lang.NumberFormatException.forInputString(Unknown Source)
	at java.lang.Integer.parseInt(Unknown Source)
	at java.lang.Integer.valueOf(Unknown Source)
	at com.jbt.Efsa.scrape(Efsa.java:285)
	at com.jbt.Efsa.efsaMain(Efsa.java:42)
	at com.jbt.Run.main(Run.java:71)

2016-04-07 22:56:48   Perhaps the link is broken or does not exist - http://ted.europa.eu/udl?uri=TED:NOTICE:231314-2015:TEXT:EN:HTML . Here is some help with traceback:java.lang.NumberFormatException: For input string: " Belgium"
	at java.lang.NumberFormatException.forInputString(Unknown Source)
	at java.lang.Integer.parseInt(Unknown Source)
	at java.lang.Integer.valueOf(Unknown Source)
	at com.jbt.Efsa.scrape(Efsa.java:285)
	at com.jbt.Efsa.efsaMain(Efsa.java:42)
	at com.jbt.Run.main(Run.java:71)

2016-04-07 22:56:48   Perhaps the link is broken or does not exist - HTTP://TED.EUROPA.EU/UDL?URI=TED:NOTICE:207526-2015:TEXT:EN:HTML&SRC=0&TABID=0 . Here is some help with traceback:com.gargoylesoftware.htmlunit.FailingHttpStatusCodeException: 404 Not Found for http://ted.europa.eu/TED/misc/pageNotFound.do
	at com.gargoylesoftware.htmlunit.WebClient.throwFailingHttpStatusCodeExceptionIfNecessary(WebClient.java:537)
	at com.gargoylesoftware.htmlunit.WebClient.getPage(WebClient.java:362)
	at com.gargoylesoftware.htmlunit.WebClient.getPage(WebClient.java:417)
	at com.gargoylesoftware.htmlunit.WebClient.getPage(WebClient.java:402)
	at com.jbt.Efsa.scrape(Efsa.java:119)
	at com.jbt.Efsa.efsaMain(Efsa.java:42)
	at com.jbt.Run.main(Run.java:71)

2016-04-07 22:56:48   Perhaps the link is broken or does not exist - http://ted.europa.eu/udl?uri=TED:NOTICE:013771-2015:TEXT:EN:HTML . Here is some help with traceback:java.lang.NumberFormatException: For input string: " Italy"
	at java.lang.NumberFormatException.forInputString(Unknown Source)
	at java.lang.Integer.parseInt(Unknown Source)
	at java.lang.Integer.valueOf(Unknown Source)
	at com.jbt.Efsa.scrape(Efsa.java:285)
	at com.jbt.Efsa.efsaMain(Efsa.java:42)
	at com.jbt.Run.main(Run.java:71)

2016-04-07 22:56:48   Perhaps the link is broken or does not exist - http://ted.europa.eu/udl?uri=TED:NOTICE:033244-2015:TEXT:EN:HTML . Here is some help with traceback:java.lang.NumberFormatException: For input string: " Italy"
	at java.lang.NumberFormatException.forInputString(Unknown Source)
	at java.lang.Integer.parseInt(Unknown Source)
	at java.lang.Integer.valueOf(Unknown Source)
	at com.jbt.Efsa.scrape(Efsa.java:285)
	at com.jbt.Efsa.efsaMain(Efsa.java:42)
	at com.jbt.Run.main(Run.java:71)

2016-04-07 22:56:48   Perhaps the link is broken or does not exist - http://ted.europa.eu/udl?uri=TED:NOTICE:029731-2015:TEXT:EN:HTML . Here is some help with traceback:java.lang.NumberFormatException: For input string: " United Kingdom"
	at java.lang.NumberFormatException.forInputString(Unknown Source)
	at java.lang.Integer.parseInt(Unknown Source)
	at java.lang.Integer.valueOf(Unknown Source)
	at com.jbt.Efsa.scrape(Efsa.java:285)
	at com.jbt.Efsa.efsaMain(Efsa.java:42)
	at com.jbt.Run.main(Run.java:71)

2016-04-07 22:56:48   Perhaps the link is broken or does not exist - http://ted.europa.eu/udl?uri=TED:NOTICE:95509-2015:TEXT:EN:HTML&tabId=1 . Here is some help with traceback:java.lang.NumberFormatException: For input string: " United Kingdom"
	at java.lang.NumberFormatException.forInputString(Unknown Source)
	at java.lang.Integer.parseInt(Unknown Source)
	at java.lang.Integer.valueOf(Unknown Source)
	at com.jbt.Efsa.scrape(Efsa.java:285)
	at com.jbt.Efsa.efsaMain(Efsa.java:42)
	at com.jbt.Run.main(Run.java:71)

2016-04-07 22:56:48   Perhaps the link is broken or does not exist - http://ted.europa.eu/udl?uri=TED:NOTICE:011968-2015:TEXT:EN:HTML . Here is some help with traceback:java.lang.NumberFormatException: For input string: " Denmark"
	at java.lang.NumberFormatException.forInputString(Unknown Source)
	at java.lang.Integer.parseInt(Unknown Source)
	at java.lang.Integer.valueOf(Unknown Source)
	at com.jbt.Efsa.scrape(Efsa.java:285)
	at com.jbt.Efsa.efsaMain(Efsa.java:42)
	at com.jbt.Run.main(Run.java:71)

2016-04-07 22:56:48   Perhaps the link is broken or does not exist - http://ted.europa.eu/udl?uri=TED:NOTICE:029729-2015:TEXT:EN:HTML . Here is some help with traceback:java.lang.NumberFormatException: For input string: " Czech Republic"
	at java.lang.NumberFormatException.forInputString(Unknown Source)
	at java.lang.Integer.parseInt(Unknown Source)
	at java.lang.Integer.valueOf(Unknown Source)
	at com.jbt.Efsa.scrape(Efsa.java:285)
	at com.jbt.Efsa.efsaMain(Efsa.java:42)
	at com.jbt.Run.main(Run.java:71)

2016-04-07 22:56:48   Perhaps the link is broken or does not exist - http://ted.europa.eu/udl?uri=TED:NOTICE:029735-2015:TEXT:EN:HTML . Here is some help with traceback:java.lang.NumberFormatException: For input string: " Italy"
	at java.lang.NumberFormatException.forInputString(Unknown Source)
	at java.lang.Integer.parseInt(Unknown Source)
	at java.lang.Integer.valueOf(Unknown Source)
	at com.jbt.Efsa.scrape(Efsa.java:285)
	at com.jbt.Efsa.efsaMain(Efsa.java:42)
	at com.jbt.Run.main(Run.java:71)

2016-04-07 22:56:48   Perhaps the link is broken or does not exist - http://ted.europa.eu/udl?uri=TED:NOTICE:011965-2015:TEXT:EN:HTML . Here is some help with traceback:java.lang.NumberFormatException: For input string: " Belgium"
	at java.lang.NumberFormatException.forInputString(Unknown Source)
	at java.lang.Integer.parseInt(Unknown Source)
	at java.lang.Integer.valueOf(Unknown Source)
	at com.jbt.Efsa.scrape(Efsa.java:285)
	at com.jbt.Efsa.efsaMain(Efsa.java:42)
	at com.jbt.Run.main(Run.java:71)

2016-04-07 22:56:48   Perhaps the link is broken or does not exist - http://ted.europa.eu/udl?uri=TED:NOTICE:033245-2015:TEXT:EN:HTML . Here is some help with traceback:java.lang.NumberFormatException: For input string: " Italy"
	at java.lang.NumberFormatException.forInputString(Unknown Source)
	at java.lang.Integer.parseInt(Unknown Source)
	at java.lang.Integer.valueOf(Unknown Source)
	at com.jbt.Efsa.scrape(Efsa.java:285)
	at com.jbt.Efsa.efsaMain(Efsa.java:42)
	at com.jbt.Run.main(Run.java:71)

2016-04-07 22:56:48   Perhaps the link is broken or does not exist - http://ted.europa.eu/udl?uri=TED:NOTICE:40952-2015:TEXT:EN:HTML . Here is some help with traceback:java.lang.NumberFormatException: For input string: " Hungary"
	at java.lang.NumberFormatException.forInputString(Unknown Source)
	at java.lang.Integer.parseInt(Unknown Source)
	at java.lang.Integer.valueOf(Unknown Source)
	at com.jbt.Efsa.scrape(Efsa.java:285)
	at com.jbt.Efsa.efsaMain(Efsa.java:42)
	at com.jbt.Run.main(Run.java:71)

2016-04-07 22:56:48   Perhaps the link is broken or does not exist - http://ted.europa.eu/udl?uri=TED:NOTICE:369429-2014:TEXT:EN:HTML&src=0 . Here is some help with traceback:java.lang.NumberFormatException: For input string: " France"
	at java.lang.NumberFormatException.forInputString(Unknown Source)
	at java.lang.Integer.parseInt(Unknown Source)
	at java.lang.Integer.valueOf(Unknown Source)
	at com.jbt.Efsa.scrape(Efsa.java:285)
	at com.jbt.Efsa.efsaMain(Efsa.java:42)
	at com.jbt.Run.main(Run.java:71)

2016-04-07 22:56:48   Perhaps the link is broken or does not exist - http://ted.europa.eu/udl?uri=TED:NOTICE:029730-2015:TEXT:EN:HTML . Here is some help with traceback:java.lang.NumberFormatException: For input string: " Netherlands"
	at java.lang.NumberFormatException.forInputString(Unknown Source)
	at java.lang.Integer.parseInt(Unknown Source)
	at java.lang.Integer.valueOf(Unknown Source)
	at com.jbt.Efsa.scrape(Efsa.java:285)
	at com.jbt.Efsa.efsaMain(Efsa.java:42)
	at com.jbt.Run.main(Run.java:71)

2016-04-07 22:56:48   Perhaps the link is broken or does not exist - http://ted.europa.eu/udl?uri=TED:NOTICE:401859-2014:TEXT:EN:HTML . Here is some help with traceback:java.lang.NumberFormatException: For input string: " France"
	at java.lang.NumberFormatException.forInputString(Unknown Source)
	at java.lang.Integer.parseInt(Unknown Source)
	at java.lang.Integer.valueOf(Unknown Source)
	at com.jbt.Efsa.scrape(Efsa.java:285)
	at com.jbt.Efsa.efsaMain(Efsa.java:42)
	at com.jbt.Run.main(Run.java:71)

2016-04-07 22:56:48   Perhaps the link is broken or does not exist - http://ted.europa.eu/udl?uri=TED:NOTICE:371093-2014:TEXT:EN:HTML&src=0 . Here is some help with traceback:java.lang.NumberFormatException: For input string: " Belgium"
	at java.lang.NumberFormatException.forInputString(Unknown Source)
	at java.lang.Integer.parseInt(Unknown Source)
	at java.lang.Integer.valueOf(Unknown Source)
	at com.jbt.Efsa.scrape(Efsa.java:285)
	at com.jbt.Efsa.efsaMain(Efsa.java:42)
	at com.jbt.Run.main(Run.java:71)

2016-04-07 22:56:48   Perhaps the link is broken or does not exist - http://ted.europa.eu/udl?uri=TED:NOTICE:369427-2014:TEXT:EN:HTML&src=0 . Here is some help with traceback:java.lang.NumberFormatException: For input string: " Spain"
	at java.lang.NumberFormatException.forInputString(Unknown Source)
	at java.lang.Integer.parseInt(Unknown Source)
	at java.lang.Integer.valueOf(Unknown Source)
	at com.jbt.Efsa.scrape(Efsa.java:285)
	at com.jbt.Efsa.efsaMain(Efsa.java:42)
	at com.jbt.Run.main(Run.java:71)

2016-04-07 22:56:48   Perhaps the link is broken or does not exist - http://ted.europa.eu/udl?uri=TED:NOTICE:107215-2015:TEXT:EN:HTML . Here is some help with traceback:java.lang.NumberFormatException: For input string: " Italy"
	at java.lang.NumberFormatException.forInputString(Unknown Source)
	at java.lang.Integer.parseInt(Unknown Source)
	at java.lang.Integer.valueOf(Unknown Source)
	at com.jbt.Efsa.scrape(Efsa.java:285)
	at com.jbt.Efsa.efsaMain(Efsa.java:42)
	at com.jbt.Run.main(Run.java:71)

2016-04-07 22:56:48   Perhaps the link is broken or does not exist - http://ted.europa.eu/udl?uri=TED:NOTICE:208538-2014:TEXT:EN:HTML&src=0 . Here is some help with traceback:java.lang.NumberFormatException: For input string: " Denmark"
	at java.lang.NumberFormatException.forInputString(Unknown Source)
	at java.lang.Integer.parseInt(Unknown Source)
	at java.lang.Integer.valueOf(Unknown Source)
	at com.jbt.Efsa.scrape(Efsa.java:285)
	at com.jbt.Efsa.efsaMain(Efsa.java:42)
	at com.jbt.Run.main(Run.java:71)

2016-04-07 22:56:48   Perhaps the link is broken or does not exist - http://ted.europa.eu/udl?uri=TED:NOTICE:386538-2014:TEXT:EN:HTML&src=0 . Here is some help with traceback:java.lang.NumberFormatException: For input string: " Germany"
	at java.lang.NumberFormatException.forInputString(Unknown Source)
	at java.lang.Integer.parseInt(Unknown Source)
	at java.lang.Integer.valueOf(Unknown Source)
	at com.jbt.Efsa.scrape(Efsa.java:285)
	at com.jbt.Efsa.efsaMain(Efsa.java:42)
	at com.jbt.Run.main(Run.java:71)

2016-04-07 22:56:48   Perhaps the link is broken or does not exist - http://ted.europa.eu/udl?uri=TED:NOTICE:329174-2014:TEXT:EN:HTML&src=0 . Here is some help with traceback:java.lang.NumberFormatException: For input string: " Italy"
	at java.lang.NumberFormatException.forInputString(Unknown Source)
	at java.lang.Integer.parseInt(Unknown Source)
	at java.lang.Integer.valueOf(Unknown Source)
	at com.jbt.Efsa.scrape(Efsa.java:285)
	at com.jbt.Efsa.efsaMain(Efsa.java:42)
	at com.jbt.Run.main(Run.java:71)

2016-04-07 22:56:48   Perhaps the link is broken or does not exist - http://ted.europa.eu/udl?uri=TED:NOTICE:277641-2014:TEXT:EN:HTML . Here is some help with traceback:java.lang.NumberFormatException: For input string: " Italy"
	at java.lang.NumberFormatException.forInputString(Unknown Source)
	at java.lang.Integer.parseInt(Unknown Source)
	at java.lang.Integer.valueOf(Unknown Source)
	at com.jbt.Efsa.scrape(Efsa.java:285)
	at com.jbt.Efsa.efsaMain(Efsa.java:42)
	at com.jbt.Run.main(Run.java:71)

2016-04-07 22:56:48   Perhaps the link is broken or does not exist - http://ted.europa.eu/udl?uri=TED:NOTICE:272357-2014:TEXT:EN:HTML&src=0 . Here is some help with traceback:java.lang.NumberFormatException: For input string: " Italy"
	at java.lang.NumberFormatException.forInputString(Unknown Source)
	at java.lang.Integer.parseInt(Unknown Source)
	at java.lang.Integer.valueOf(Unknown Source)
	at com.jbt.Efsa.scrape(Efsa.java:285)
	at com.jbt.Efsa.efsaMain(Efsa.java:42)
	at com.jbt.Run.main(Run.java:71)

2016-04-07 22:56:48   Perhaps the link is broken or does not exist - http://ted.europa.eu/udl?uri=TED:NOTICE:386541-2014:TEXT:EN:HTML . Here is some help with traceback:java.lang.NumberFormatException: For input string: " Denmark"
	at java.lang.NumberFormatException.forInputString(Unknown Source)
	at java.lang.Integer.parseInt(Unknown Source)
	at java.lang.Integer.valueOf(Unknown Source)
	at com.jbt.Efsa.scrape(Efsa.java:285)
	at com.jbt.Efsa.efsaMain(Efsa.java:42)
	at com.jbt.Run.main(Run.java:71)

2016-04-07 22:56:48   Perhaps the link is broken or does not exist - http://ted.europa.eu/udl?uri=TED:NOTICE:148703-2014:TEXT:EN:HTML&src=0 . Here is some help with traceback:java.lang.NumberFormatException: For input string: " United Kingdom"
	at java.lang.NumberFormatException.forInputString(Unknown Source)
	at java.lang.Integer.parseInt(Unknown Source)
	at java.lang.Integer.valueOf(Unknown Source)
	at com.jbt.Efsa.scrape(Efsa.java:285)
	at com.jbt.Efsa.efsaMain(Efsa.java:42)
	at com.jbt.Run.main(Run.java:71)

2016-04-07 22:56:48   Perhaps the link is broken or does not exist - http://ted.europa.eu/udl?uri=TED:NOTICE:347367-2014:TEXT:EN:HTML&src=0 . Here is some help with traceback:java.lang.NumberFormatException: For input string: " Spain"
	at java.lang.NumberFormatException.forInputString(Unknown Source)
	at java.lang.Integer.parseInt(Unknown Source)
	at java.lang.Integer.valueOf(Unknown Source)
	at com.jbt.Efsa.scrape(Efsa.java:285)
	at com.jbt.Efsa.efsaMain(Efsa.java:42)
	at com.jbt.Run.main(Run.java:71)

2016-04-07 22:56:48   Perhaps the link is broken or does not exist - http://ted.europa.eu/udl?uri=TED:NOTICE:231886-2014:TEXT:EN:HTML&src=0&tabId=0 . Here is some help with traceback:java.lang.NumberFormatException: For input string: " Italy"
	at java.lang.NumberFormatException.forInputString(Unknown Source)
	at java.lang.Integer.parseInt(Unknown Source)
	at java.lang.Integer.valueOf(Unknown Source)
	at com.jbt.Efsa.scrape(Efsa.java:285)
	at com.jbt.Efsa.efsaMain(Efsa.java:42)
	at com.jbt.Run.main(Run.java:71)

2016-04-07 22:56:48   Perhaps the link is broken or does not exist - http://ted.europa.eu/udl?uri=TED:NOTICE:270518-2014:TEXT:EN:HTML&src=0&tabId=0 . Here is some help with traceback:java.lang.NumberFormatException: For input string: " Italy"
	at java.lang.NumberFormatException.forInputString(Unknown Source)
	at java.lang.Integer.parseInt(Unknown Source)
	at java.lang.Integer.valueOf(Unknown Source)
	at com.jbt.Efsa.scrape(Efsa.java:285)
	at com.jbt.Efsa.efsaMain(Efsa.java:42)
	at com.jbt.Run.main(Run.java:71)

2016-04-07 22:56:48   Perhaps the link is broken or does not exist - http://ted.europa.eu/udl?uri=TED:NOTICE:243434-2014:TEXT:EN:HTML&src=0 . Here is some help with traceback:java.lang.NumberFormatException: For input string: " Cyprus"
	at java.lang.NumberFormatException.forInputString(Unknown Source)
	at java.lang.Integer.parseInt(Unknown Source)
	at java.lang.Integer.valueOf(Unknown Source)
	at com.jbt.Efsa.scrape(Efsa.java:285)
	at com.jbt.Efsa.efsaMain(Efsa.java:42)
	at com.jbt.Run.main(Run.java:71)

2016-04-07 22:56:48   Perhaps the link is broken or does not exist - http://ted.europa.eu/udl?uri=TED:NOTICE:270516-2014:TEXT:EN:HTML&src=0 . Here is some help with traceback:java.lang.NumberFormatException: For input string: " Italy"
	at java.lang.NumberFormatException.forInputString(Unknown Source)
	at java.lang.Integer.parseInt(Unknown Source)
	at java.lang.Integer.valueOf(Unknown Source)
	at com.jbt.Efsa.scrape(Efsa.java:285)
	at com.jbt.Efsa.efsaMain(Efsa.java:42)
	at com.jbt.Run.main(Run.java:71)

2016-04-07 22:56:48   Perhaps the link is broken or does not exist - http://ted.europa.eu/udl?uri=TED:NOTICE:179757-2014:TEXT:EN:HTML&src=0 . Here is some help with traceback:java.lang.NumberFormatException: For input string: " Denmark"
	at java.lang.NumberFormatException.forInputString(Unknown Source)
	at java.lang.Integer.parseInt(Unknown Source)
	at java.lang.Integer.valueOf(Unknown Source)
	at com.jbt.Efsa.scrape(Efsa.java:285)
	at com.jbt.Efsa.efsaMain(Efsa.java:42)
	at com.jbt.Run.main(Run.java:71)

2016-04-07 22:56:48   Perhaps the link is broken or does not exist - http://ted.europa.eu/udl?uri=TED:NOTICE:172135-2014:TEXT:EN:HTML&src=0&tabId=0 . Here is some help with traceback:java.lang.NumberFormatException: For input string: " Belgium"
	at java.lang.NumberFormatException.forInputString(Unknown Source)
	at java.lang.Integer.parseInt(Unknown Source)
	at java.lang.Integer.valueOf(Unknown Source)
	at com.jbt.Efsa.scrape(Efsa.java:285)
	at com.jbt.Efsa.efsaMain(Efsa.java:42)
	at com.jbt.Run.main(Run.java:71)

2016-04-07 22:56:48   Perhaps the link is broken or does not exist - http://ted.europa.eu/udl?uri=TED:NOTICE:134401-2014:TEXT:EN:HTML&src=0 . Here is some help with traceback:java.lang.NumberFormatException: For input string: " Italy"
	at java.lang.NumberFormatException.forInputString(Unknown Source)
	at java.lang.Integer.parseInt(Unknown Source)
	at java.lang.Integer.valueOf(Unknown Source)
	at com.jbt.Efsa.scrape(Efsa.java:285)
	at com.jbt.Efsa.efsaMain(Efsa.java:42)
	at com.jbt.Run.main(Run.java:71)

2016-04-07 22:56:48   Perhaps the link is broken or does not exist - http://ted.europa.eu/udl?uri=ted:notice:313730-2014:text:en:html&src=0 . Here is some help with traceback:java.lang.NullPointerException
	at com.jbt.Efsa.scrape(Efsa.java:154)
	at com.jbt.Efsa.efsaMain(Efsa.java:42)
	at com.jbt.Run.main(Run.java:71)

2016-04-07 22:56:48   Perhaps the link is broken or does not exist - http://ted.europa.eu/udl?uri=TED:NOTICE:65408-2014:TEXT:EN:HTML&src=0  . Here is some help with traceback:java.lang.NumberFormatException: For input string: " Netherlands"
	at java.lang.NumberFormatException.forInputString(Unknown Source)
	at java.lang.Integer.parseInt(Unknown Source)
	at java.lang.Integer.valueOf(Unknown Source)
	at com.jbt.Efsa.scrape(Efsa.java:285)
	at com.jbt.Efsa.efsaMain(Efsa.java:42)
	at com.jbt.Run.main(Run.java:71)

2016-04-07 22:56:48   Perhaps the link is broken or does not exist - http://ted.europa.eu/udl?uri=TED:NOTICE:40275-2014:TEXT:EN:HTML&src=0 . Here is some help with traceback:java.lang.NumberFormatException: For input string: " Spain"
	at java.lang.NumberFormatException.forInputString(Unknown Source)
	at java.lang.Integer.parseInt(Unknown Source)
	at java.lang.Integer.valueOf(Unknown Source)
	at com.jbt.Efsa.scrape(Efsa.java:285)
	at com.jbt.Efsa.efsaMain(Efsa.java:42)
	at com.jbt.Run.main(Run.java:71)

2016-04-07 22:56:48   Perhaps the link is broken or does not exist - http://ted.europa.eu/udl?uri=TED:NOTICE:433894-2013:TEXT:EN:HTML&src=0 . Here is some help with traceback:java.lang.NumberFormatException: For input string: " Italy"
	at java.lang.NumberFormatException.forInputString(Unknown Source)
	at java.lang.Integer.parseInt(Unknown Source)
	at java.lang.Integer.valueOf(Unknown Source)
	at com.jbt.Efsa.scrape(Efsa.java:285)
	at com.jbt.Efsa.efsaMain(Efsa.java:42)
	at com.jbt.Run.main(Run.java:71)

2016-04-07 22:56:48   Perhaps the link is broken or does not exist - http://ted.europa.eu/udl?uri=TED:NOTICE:40274-2014:TEXT:EN:HTML&src=0 . Here is some help with traceback:java.lang.NumberFormatException: For input string: " United Kingdom"
	at java.lang.NumberFormatException.forInputString(Unknown Source)
	at java.lang.Integer.parseInt(Unknown Source)
	at java.lang.Integer.valueOf(Unknown Source)
	at com.jbt.Efsa.scrape(Efsa.java:285)
	at com.jbt.Efsa.efsaMain(Efsa.java:42)
	at com.jbt.Run.main(Run.java:71)

2016-04-07 22:56:48   Perhaps the link is broken or does not exist - http://ted.europa.eu/udl?uri=TED:NOTICE:40276-2014:TEXT:EN:HTML&src=0 . Here is some help with traceback:java.lang.NumberFormatException: For input string: " United Kingdom"
	at java.lang.NumberFormatException.forInputString(Unknown Source)
	at java.lang.Integer.parseInt(Unknown Source)
	at java.lang.Integer.valueOf(Unknown Source)
	at com.jbt.Efsa.scrape(Efsa.java:285)
	at com.jbt.Efsa.efsaMain(Efsa.java:42)
	at com.jbt.Run.main(Run.java:71)

2016-04-07 22:56:48   Perhaps the link is broken or does not exist - http://ted.europa.eu/udl?uri=TED:NOTICE:52651-2014:TEXT:EN:HTML&src=0 . Here is some help with traceback:java.lang.NumberFormatException: For input string: " Italy"
	at java.lang.NumberFormatException.forInputString(Unknown Source)
	at java.lang.Integer.parseInt(Unknown Source)
	at java.lang.Integer.valueOf(Unknown Source)
	at com.jbt.Efsa.scrape(Efsa.java:285)
	at com.jbt.Efsa.efsaMain(Efsa.java:42)
	at com.jbt.Run.main(Run.java:71)

2016-04-07 22:56:48   Perhaps the link is broken or does not exist - HTTP://TED.EUROPA.EU/UDL?URI=TED:NOTICE:130723-2014:TEXT:EN:HTML . Here is some help with traceback:com.gargoylesoftware.htmlunit.FailingHttpStatusCodeException: 404 Not Found for http://ted.europa.eu/TED/misc/pageNotFound.do
	at com.gargoylesoftware.htmlunit.WebClient.throwFailingHttpStatusCodeExceptionIfNecessary(WebClient.java:537)
	at com.gargoylesoftware.htmlunit.WebClient.getPage(WebClient.java:362)
	at com.gargoylesoftware.htmlunit.WebClient.getPage(WebClient.java:417)
	at com.gargoylesoftware.htmlunit.WebClient.getPage(WebClient.java:402)
	at com.jbt.Efsa.scrape(Efsa.java:119)
	at com.jbt.Efsa.efsaMain(Efsa.java:42)
	at com.jbt.Run.main(Run.java:71)

2016-04-07 22:56:48   Perhaps the link is broken or does not exist - http://ted.europa.eu/udl?uri=TED:NOTICE:431825-2013:TEXT:EN:HTML&src=0 . Here is some help with traceback:java.lang.NumberFormatException: For input string: " Austria"
	at java.lang.NumberFormatException.forInputString(Unknown Source)
	at java.lang.Integer.parseInt(Unknown Source)
	at java.lang.Integer.valueOf(Unknown Source)
	at com.jbt.Efsa.scrape(Efsa.java:285)
	at com.jbt.Efsa.efsaMain(Efsa.java:42)
	at com.jbt.Run.main(Run.java:71)

2016-04-07 22:56:48   Perhaps the link is broken or does not exist - http://ted.europa.eu/udl?uri=TED:NOTICE:433892-2013:TEXT:EN:HTML&src=0 . Here is some help with traceback:java.lang.NumberFormatException: For input string: " United Kingdom"
	at java.lang.NumberFormatException.forInputString(Unknown Source)
	at java.lang.Integer.parseInt(Unknown Source)
	at java.lang.Integer.valueOf(Unknown Source)
	at com.jbt.Efsa.scrape(Efsa.java:285)
	at com.jbt.Efsa.efsaMain(Efsa.java:42)
	at com.jbt.Run.main(Run.java:71)

2016-04-07 22:56:48   Perhaps the link is broken or does not exist - http://ted.europa.eu/udl?uri=TED:NOTICE:40277-2014:TEXT:EN:HTML&src=0 . Here is some help with traceback:java.lang.NumberFormatException: For input string: " Germany"
	at java.lang.NumberFormatException.forInputString(Unknown Source)
	at java.lang.Integer.parseInt(Unknown Source)
	at java.lang.Integer.valueOf(Unknown Source)
	at com.jbt.Efsa.scrape(Efsa.java:285)
	at com.jbt.Efsa.efsaMain(Efsa.java:42)
	at com.jbt.Run.main(Run.java:71)

2016-04-07 22:56:48   Perhaps the link is broken or does not exist - http://ted.europa.eu/udl?uri=TED:NOTICE:406896-2013:TEXT:EN:HTML&src=0 . Here is some help with traceback:java.lang.NumberFormatException: For input string: " Germany"
	at java.lang.NumberFormatException.forInputString(Unknown Source)
	at java.lang.Integer.parseInt(Unknown Source)
	at java.lang.Integer.valueOf(Unknown Source)
	at com.jbt.Efsa.scrape(Efsa.java:285)
	at com.jbt.Efsa.efsaMain(Efsa.java:42)
	at com.jbt.Run.main(Run.java:71)

2016-04-07 22:56:48   Perhaps the link is broken or does not exist - http://ted.europa.eu/udl?uri=TED:NOTICE:130724-2014:TEXT:EN:HTML . Here is some help with traceback:java.lang.NumberFormatException: For input string: " Italy"
	at java.lang.NumberFormatException.forInputString(Unknown Source)
	at java.lang.Integer.parseInt(Unknown Source)
	at java.lang.Integer.valueOf(Unknown Source)
	at com.jbt.Efsa.scrape(Efsa.java:285)
	at com.jbt.Efsa.efsaMain(Efsa.java:42)
	at com.jbt.Run.main(Run.java:71)

2016-04-07 22:56:48   Perhaps the link is broken or does not exist - http://ted.europa.eu/udl?uri=TED:NOTICE:96363-2014:TEXT:EN:HTML&src=0 . Here is some help with traceback:java.lang.NumberFormatException: For input string: " Italy"
	at java.lang.NumberFormatException.forInputString(Unknown Source)
	at java.lang.Integer.parseInt(Unknown Source)
	at java.lang.Integer.valueOf(Unknown Source)
	at com.jbt.Efsa.scrape(Efsa.java:285)
	at com.jbt.Efsa.efsaMain(Efsa.java:42)
	at com.jbt.Run.main(Run.java:71)

2016-04-07 22:56:48   Perhaps the link is broken or does not exist - http://ted.europa.eu/udl?uri=TED:NOTICE:352448-2013:TEXT:EN:HTML&src=0 . Here is some help with traceback:java.lang.NumberFormatException: For input string: " Denmark"
	at java.lang.NumberFormatException.forInputString(Unknown Source)
	at java.lang.Integer.parseInt(Unknown Source)
	at java.lang.Integer.valueOf(Unknown Source)
	at com.jbt.Efsa.scrape(Efsa.java:285)
	at com.jbt.Efsa.efsaMain(Efsa.java:42)
	at com.jbt.Run.main(Run.java:71)

2016-04-07 22:56:48   Perhaps the link is broken or does not exist - http://ted.europa.eu/udl?uri=TED:NOTICE:350623-2013:TEXT:EN:HTML&src=0 . Here is some help with traceback:java.lang.NumberFormatException: For input string: " Italy"
	at java.lang.NumberFormatException.forInputString(Unknown Source)
	at java.lang.Integer.parseInt(Unknown Source)
	at java.lang.Integer.valueOf(Unknown Source)
	at com.jbt.Efsa.scrape(Efsa.java:285)
	at com.jbt.Efsa.efsaMain(Efsa.java:42)
	at com.jbt.Run.main(Run.java:71)

2016-04-07 22:56:48   Perhaps the link is broken or does not exist - http://ted.europa.eu/udl?uri=TED:NOTICE:054540-2014:TEXT:EN:HTML . Here is some help with traceback:java.lang.NumberFormatException: For input string: " Germany"
	at java.lang.NumberFormatException.forInputString(Unknown Source)
	at java.lang.Integer.parseInt(Unknown Source)
	at java.lang.Integer.valueOf(Unknown Source)
	at com.jbt.Efsa.scrape(Efsa.java:285)
	at com.jbt.Efsa.efsaMain(Efsa.java:42)
	at com.jbt.Run.main(Run.java:71)

2016-04-07 22:56:48   Perhaps the link is broken or does not exist - http://ted.europa.eu/udl?uri=TED:NOTICE:352445-2013:TEXT:EN:HTML&src=0 . Here is some help with traceback:java.lang.NumberFormatException: For input string: " United Kingdom"
	at java.lang.NumberFormatException.forInputString(Unknown Source)
	at java.lang.Integer.parseInt(Unknown Source)
	at java.lang.Integer.valueOf(Unknown Source)
	at com.jbt.Efsa.scrape(Efsa.java:285)
	at com.jbt.Efsa.efsaMain(Efsa.java:42)
	at com.jbt.Run.main(Run.java:71)

2016-04-07 22:56:48   Perhaps the link is broken or does not exist - http://ted.europa.eu/udl?uri=TED:NOTICE:335481-2013:TEXT:EN:HTML&src=0 . Here is some help with traceback:java.lang.NumberFormatException: For input string: " Switzerland"
	at java.lang.NumberFormatException.forInputString(Unknown Source)
	at java.lang.Integer.parseInt(Unknown Source)
	at java.lang.Integer.valueOf(Unknown Source)
	at com.jbt.Efsa.scrape(Efsa.java:285)
	at com.jbt.Efsa.efsaMain(Efsa.java:42)
	at com.jbt.Run.main(Run.java:71)

2016-04-07 22:56:48   Perhaps the link is broken or does not exist - http://ted.europa.eu/udl?uri=TED:NOTICE:431823-2013:TEXT:EN:HTML&src=0 . Here is some help with traceback:java.lang.NumberFormatException: For input string: " Lithuania"
	at java.lang.NumberFormatException.forInputString(Unknown Source)
	at java.lang.Integer.parseInt(Unknown Source)
	at java.lang.Integer.valueOf(Unknown Source)
	at com.jbt.Efsa.scrape(Efsa.java:285)
	at com.jbt.Efsa.efsaMain(Efsa.java:42)
	at com.jbt.Run.main(Run.java:71)

2016-04-07 22:56:48   Perhaps the link is broken or does not exist - http://ted.europa.eu/udl?uri=TED:NOTICE:350624-2013:TEXT:EN:HTML&src=0 . Here is some help with traceback:java.lang.NumberFormatException: For input string: " Netherlands"
	at java.lang.NumberFormatException.forInputString(Unknown Source)
	at java.lang.Integer.parseInt(Unknown Source)
	at java.lang.Integer.valueOf(Unknown Source)
	at com.jbt.Efsa.scrape(Efsa.java:285)
	at com.jbt.Efsa.efsaMain(Efsa.java:42)
	at com.jbt.Run.main(Run.java:71)

2016-04-07 22:56:48   Perhaps the link is broken or does not exist - http://ted.europa.eu/udl?uri=TED:NOTICE:371465-2013:TEXT:EN:HTML&src=0 . Here is some help with traceback:java.lang.NumberFormatException: For input string: " Romania"
	at java.lang.NumberFormatException.forInputString(Unknown Source)
	at java.lang.Integer.parseInt(Unknown Source)
	at java.lang.Integer.valueOf(Unknown Source)
	at com.jbt.Efsa.scrape(Efsa.java:285)
	at com.jbt.Efsa.efsaMain(Efsa.java:42)
	at com.jbt.Run.main(Run.java:71)

2016-04-07 22:56:48   Perhaps the link is broken or does not exist - http://ted.europa.eu/udl?uri=TED:NOTICE:190327-2013:TEXT:EN:HTML&src=0 . Here is some help with traceback:java.lang.NumberFormatException: For input string: " Italy"
	at java.lang.NumberFormatException.forInputString(Unknown Source)
	at java.lang.Integer.parseInt(Unknown Source)
	at java.lang.Integer.valueOf(Unknown Source)
	at com.jbt.Efsa.scrape(Efsa.java:285)
	at com.jbt.Efsa.efsaMain(Efsa.java:42)
	at com.jbt.Run.main(Run.java:71)

2016-04-07 22:56:48   Perhaps the link is broken or does not exist - http://ted.europa.eu/udl?uri=TED:NOTICE:271433-2013:TEXT:EN:HTML . Here is some help with traceback:java.lang.NumberFormatException: For input string: " France"
	at java.lang.NumberFormatException.forInputString(Unknown Source)
	at java.lang.Integer.parseInt(Unknown Source)
	at java.lang.Integer.valueOf(Unknown Source)
	at com.jbt.Efsa.scrape(Efsa.java:285)
	at com.jbt.Efsa.efsaMain(Efsa.java:42)
	at com.jbt.Run.main(Run.java:71)

2016-04-07 22:56:48   Perhaps the link is broken or does not exist - http://ted.europa.eu/udl?uri=TED:NOTICE:335480-2013:TEXT:EN:HTML&src=0 . Here is some help with traceback:java.lang.NumberFormatException: For input string: " Denmark"
	at java.lang.NumberFormatException.forInputString(Unknown Source)
	at java.lang.Integer.parseInt(Unknown Source)
	at java.lang.Integer.valueOf(Unknown Source)
	at com.jbt.Efsa.scrape(Efsa.java:285)
	at com.jbt.Efsa.efsaMain(Efsa.java:42)
	at com.jbt.Run.main(Run.java:71)

2016-04-07 22:56:48   Perhaps the link is broken or does not exist - http://ted.europa.eu/udl?uri=TED:NOTICE:371466-2013:TEXT:EN:HTML&src=0 . Here is some help with traceback:java.lang.NumberFormatException: For input string: " Czech Republic"
	at java.lang.NumberFormatException.forInputString(Unknown Source)
	at java.lang.Integer.parseInt(Unknown Source)
	at java.lang.Integer.valueOf(Unknown Source)
	at com.jbt.Efsa.scrape(Efsa.java:285)
	at com.jbt.Efsa.efsaMain(Efsa.java:42)
	at com.jbt.Run.main(Run.java:71)

2016-04-07 22:56:48   Perhaps the link is broken or does not exist - http://ted.europa.eu/udl?uri=TED:NOTICE:335480-2013:TEXT:EN:HTML&src=0 . Here is some help with traceback:java.lang.NumberFormatException: For input string: " Denmark"
	at java.lang.NumberFormatException.forInputString(Unknown Source)
	at java.lang.Integer.parseInt(Unknown Source)
	at java.lang.Integer.valueOf(Unknown Source)
	at com.jbt.Efsa.scrape(Efsa.java:285)
	at com.jbt.Efsa.efsaMain(Efsa.java:42)
	at com.jbt.Run.main(Run.java:71)

2016-04-07 22:56:48   Perhaps the link is broken or does not exist - http://ted.europa.eu/udl?uri=TED:NOTICE:335486-2013:TEXT:EN:HTML&src=0 . Here is some help with traceback:java.lang.NumberFormatException: For input string: " United Kingdom"
	at java.lang.NumberFormatException.forInputString(Unknown Source)
	at java.lang.Integer.parseInt(Unknown Source)
	at java.lang.Integer.valueOf(Unknown Source)
	at com.jbt.Efsa.scrape(Efsa.java:285)
	at com.jbt.Efsa.efsaMain(Efsa.java:42)
	at com.jbt.Run.main(Run.java:71)

2016-04-07 22:56:48   Perhaps the link is broken or does not exist - http://ted.europa.eu/udl?uri=TED:NOTICE:352446-2013:TEXT:EN:HTML&src=0 . Here is some help with traceback:java.lang.NumberFormatException: For input string: " Netherlands"
	at java.lang.NumberFormatException.forInputString(Unknown Source)
	at java.lang.Integer.parseInt(Unknown Source)
	at java.lang.Integer.valueOf(Unknown Source)
	at com.jbt.Efsa.scrape(Efsa.java:285)
	at com.jbt.Efsa.efsaMain(Efsa.java:42)
	at com.jbt.Run.main(Run.java:71)

2016-04-07 22:56:48   Perhaps the link is broken or does not exist - http://ted.europa.eu/udl?uri=TED:NOTICE:283336-2013:TEXT:EN:HTML&src=0 . Here is some help with traceback:java.lang.NumberFormatException: For input string: " Germany"
	at java.lang.NumberFormatException.forInputString(Unknown Source)
	at java.lang.Integer.parseInt(Unknown Source)
	at java.lang.Integer.valueOf(Unknown Source)
	at com.jbt.Efsa.scrape(Efsa.java:285)
	at com.jbt.Efsa.efsaMain(Efsa.java:42)
	at com.jbt.Run.main(Run.java:71)

2016-04-07 22:56:48   Perhaps the link is broken or does not exist - http://ted.europa.eu/udl?uri=TED:NOTICE:371463-2013:TEXT:EN:HTML&src=0 . Here is some help with traceback:java.lang.NumberFormatException: For input string: " Denmark"
	at java.lang.NumberFormatException.forInputString(Unknown Source)
	at java.lang.Integer.parseInt(Unknown Source)
	at java.lang.Integer.valueOf(Unknown Source)
	at com.jbt.Efsa.scrape(Efsa.java:285)
	at com.jbt.Efsa.efsaMain(Efsa.java:42)
	at com.jbt.Run.main(Run.java:71)

2016-04-07 22:56:48   Perhaps the link is broken or does not exist - http://ted.europa.eu/udl?uri=TED:NOTICE:25127-2013:TEXT:EN:HTML&src=0 . Here is some help with traceback:java.lang.NumberFormatException: For input string: " Belgium"
	at java.lang.NumberFormatException.forInputString(Unknown Source)
	at java.lang.Integer.parseInt(Unknown Source)
	at java.lang.Integer.valueOf(Unknown Source)
	at com.jbt.Efsa.scrape(Efsa.java:285)
	at com.jbt.Efsa.efsaMain(Efsa.java:42)
	at com.jbt.Run.main(Run.java:71)

2016-04-07 23:04:54   Very unlikely here that something is broken - exception is just because it's not a projectbut a project list or seminar or workshop that's not a project - double check for the ease of your heart at http://www.food.gov.uk/science/research/bseresearch/m03067 . Here is some help with traceback:java.lang.IndexOutOfBoundsException: Index: 1, Size: 0
	at java.util.ArrayList.rangeCheck(Unknown Source)
	at java.util.ArrayList.get(Unknown Source)
	at com.jbt.Fsa.scrape(Fsa.java:229)
	at com.jbt.Fsa.fsaMain(Fsa.java:45)
	at com.jbt.Run.main(Run.java:97)

2016-04-07 23:05:12   Very unlikely here that something is broken - exception is just because it's not a projectbut a project list or seminar or workshop that's not a project - double check for the ease of your heart at http://www.food.gov.uk/science/research/bseresearch/m03057 . Here is some help with traceback:java.lang.IndexOutOfBoundsException: Index: 1, Size: 0
	at java.util.ArrayList.rangeCheck(Unknown Source)
	at java.util.ArrayList.get(Unknown Source)
	at com.jbt.Fsa.scrape(Fsa.java:229)
	at com.jbt.Fsa.fsaMain(Fsa.java:45)
	at com.jbt.Run.main(Run.java:97)

2016-04-07 23:13:13   Very unlikely here that something is broken - exception is just because it's not a projectbut a project list or seminar or workshop that's not a project - double check for the ease of your heart at http://www.food.gov.uk/science/research/allergy-research/t07023 . Here is some help with traceback:java.lang.IndexOutOfBoundsException: Index: 1, Size: 0
	at java.util.ArrayList.rangeCheck(Unknown Source)
	at java.util.ArrayList.get(Unknown Source)
	at com.jbt.Fsa.scrape(Fsa.java:229)
	at com.jbt.Fsa.fsaMain(Fsa.java:45)
	at com.jbt.Run.main(Run.java:97)

2016-04-07 23:14:00   Very unlikely here that something is broken - exception is just because it's not a projectbut a project list or seminar or workshop that's not a project - double check for the ease of your heart at http://www.food.gov.uk/science/research/allergy-research/allergy-guidance/allergeninfononprepackedfoods . Here is some help with traceback:java.lang.IllegalStateException: No match found
	at java.util.regex.Matcher.group(Unknown Source)
	at com.jbt.Fsa.scrape(Fsa.java:140)
	at com.jbt.Fsa.fsaMain(Fsa.java:45)
	at com.jbt.Run.main(Run.java:97)

2016-04-07 23:14:16   Very unlikely here that something is broken - exception is just because it's not a projectbut a project list or seminar or workshop that's not a project - double check for the ease of your heart at http://www.food.gov.uk/science/research/allergy-research/more-allergy-research/t07review2008 . Here is some help with traceback:java.lang.NullPointerException
	at com.jbt.Fsa.scrape(Fsa.java:134)
	at com.jbt.Fsa.fsaMain(Fsa.java:45)
	at com.jbt.Run.main(Run.java:97)

2016-04-07 23:14:20   Very unlikely here that something is broken - exception is just because it's not a projectbut a project list or seminar or workshop that's not a project - double check for the ease of your heart at http://www.food.gov.uk/science/research/allergy-research/more-allergy-research/jointresearchreport . Here is some help with traceback:java.lang.NullPointerException
	at com.jbt.Fsa.scrape(Fsa.java:134)
	at com.jbt.Fsa.fsaMain(Fsa.java:45)
	at com.jbt.Run.main(Run.java:97)

2016-04-07 23:14:24   Very unlikely here that something is broken - exception is just because it's not a projectbut a project list or seminar or workshop that's not a project - double check for the ease of your heart at http://www.food.gov.uk/science/research/allergy-research/more-allergy-research/allergy-prog-review-2012 . Here is some help with traceback:java.lang.NullPointerException
	at com.jbt.Fsa.scrape(Fsa.java:134)
	at com.jbt.Fsa.fsaMain(Fsa.java:45)
	at com.jbt.Run.main(Run.java:97)

2016-04-07 23:14:32   Very unlikely here that something is broken - exception is just because it's not a projectbut a project list or seminar or workshop that's not a project - double check for the ease of your heart at http://www.food.gov.uk/science/research/allergy-research/more-allergy-research/report-of-workshop-on-adult-food-allergy . Here is some help with traceback:java.lang.NullPointerException
	at com.jbt.Fsa.scrape(Fsa.java:134)
	at com.jbt.Fsa.fsaMain(Fsa.java:45)
	at com.jbt.Run.main(Run.java:97)

2016-04-07 23:14:43   Very unlikely here that something is broken - exception is just because it's not a projectbut a project list or seminar or workshop that's not a project - double check for the ease of your heart at http://www.food.gov.uk/science/research/foodborneillness/b12programme . Here is some help with traceback:java.lang.NullPointerException
	at com.jbt.Fsa.scrape(Fsa.java:134)
	at com.jbt.Fsa.fsaMain(Fsa.java:45)
	at com.jbt.Run.main(Run.java:97)

2016-04-07 23:14:49   Very unlikely here that something is broken - exception is just because it's not a projectbut a project list or seminar or workshop that's not a project - double check for the ease of your heart at http://www.food.gov.uk/science/research/foodborneillness/b13programme . Here is some help with traceback:java.lang.NullPointerException
	at com.jbt.Fsa.scrape(Fsa.java:134)
	at com.jbt.Fsa.fsaMain(Fsa.java:45)
	at com.jbt.Run.main(Run.java:97)

2016-04-07 23:14:53   Very unlikely here that something is broken - exception is just because it's not a projectbut a project list or seminar or workshop that's not a project - double check for the ease of your heart at http://www.food.gov.uk/science/research/foodborneillness/p01programme . Here is some help with traceback:java.lang.NullPointerException
	at com.jbt.Fsa.scrape(Fsa.java:134)
	at com.jbt.Fsa.fsaMain(Fsa.java:45)
	at com.jbt.Run.main(Run.java:97)

2016-04-07 23:15:26   Very unlikely here that something is broken - exception is just because it's not a projectbut a project list or seminar or workshop that's not a project - double check for the ease of your heart at http://www.food.gov.uk/science/research/foodborneillness/m01prog . Here is some help with traceback:java.lang.NullPointerException
	at com.jbt.Fsa.scrape(Fsa.java:134)
	at com.jbt.Fsa.fsaMain(Fsa.java:45)
	at com.jbt.Run.main(Run.java:97)

2016-04-07 23:15:29   Very unlikely here that something is broken - exception is just because it's not a projectbut a project list or seminar or workshop that's not a project - double check for the ease of your heart at http://www.food.gov.uk/science/research/foodborneillness/b15programme . Here is some help with traceback:java.lang.NullPointerException
	at com.jbt.Fsa.scrape(Fsa.java:134)
	at com.jbt.Fsa.fsaMain(Fsa.java:45)
	at com.jbt.Run.main(Run.java:97)

2016-04-07 23:15:32   Very unlikely here that something is broken - exception is just because it's not a projectbut a project list or seminar or workshop that's not a project - double check for the ease of your heart at http://www.food.gov.uk/science/research/foodborneillness/b15programme/b15projects . Here is some help with traceback:java.lang.NullPointerException
	at com.jbt.Fsa.scrape(Fsa.java:134)
	at com.jbt.Fsa.fsaMain(Fsa.java:45)
	at com.jbt.Run.main(Run.java:97)

2016-04-07 23:15:39   Very unlikely here that something is broken - exception is just because it's not a projectbut a project list or seminar or workshop that's not a project - double check for the ease of your heart at http://www.food.gov.uk/science/research/foodborneillness/eggsresearch-0/b15review . Here is some help with traceback:java.lang.NullPointerException
	at com.jbt.Fsa.scrape(Fsa.java:134)
	at com.jbt.Fsa.fsaMain(Fsa.java:45)
	at com.jbt.Run.main(Run.java:97)

2016-04-07 23:15:46   Very unlikely here that something is broken - exception is just because it's not a projectbut a project list or seminar or workshop that's not a project - double check for the ease of your heart at http://www.food.gov.uk/science/research/foodborneillness/b16programme . Here is some help with traceback:java.lang.NullPointerException
	at com.jbt.Fsa.scrape(Fsa.java:134)
	at com.jbt.Fsa.fsaMain(Fsa.java:45)
	at com.jbt.Run.main(Run.java:97)

2016-04-07 23:15:52   Very unlikely here that something is broken - exception is just because it's not a projectbut a project list or seminar or workshop that's not a project - double check for the ease of your heart at http://www.food.gov.uk/science/research/foodborneillness/b16programme/shellfish_toxins . Here is some help with traceback:java.lang.NullPointerException
	at com.jbt.Fsa.scrape(Fsa.java:134)
	at com.jbt.Fsa.fsaMain(Fsa.java:45)
	at com.jbt.Run.main(Run.java:97)

2016-04-07 23:15:56   Very unlikely here that something is broken - exception is just because it's not a projectbut a project list or seminar or workshop that's not a project - double check for the ease of your heart at http://www.food.gov.uk/science/research/foodborneillness/b14programme/b14projlist . Here is some help with traceback:java.lang.NullPointerException
	at com.jbt.Fsa.scrape(Fsa.java:134)
	at com.jbt.Fsa.fsaMain(Fsa.java:45)
	at com.jbt.Run.main(Run.java:97)

2016-04-07 23:15:59   Very unlikely here that something is broken - exception is just because it's not a projectbut a project list or seminar or workshop that's not a project - double check for the ease of your heart at http://www.food.gov.uk/science/research/foodborneillness/b14programme . Here is some help with traceback:java.lang.NullPointerException
	at com.jbt.Fsa.scrape(Fsa.java:134)
	at com.jbt.Fsa.fsaMain(Fsa.java:45)
	at com.jbt.Run.main(Run.java:97)

2016-04-07 23:16:06   Very unlikely here that something is broken - exception is just because it's not a projectbut a project list or seminar or workshop that's not a project - double check for the ease of your heart at http://www.food.gov.uk/science/research/foodborneillness/microfunders/msffg . Here is some help with traceback:java.lang.NullPointerException
	at com.jbt.Fsa.scrape(Fsa.java:134)
	at com.jbt.Fsa.fsaMain(Fsa.java:45)
	at com.jbt.Run.main(Run.java:97)

2016-04-07 23:16:10   Very unlikely here that something is broken - exception is just because it's not a projectbut a project list or seminar or workshop that's not a project - double check for the ease of your heart at http://www.food.gov.uk/science/research/foodborneillness/microfunders/intestinal . Here is some help with traceback:java.lang.NullPointerException
	at com.jbt.Fsa.scrape(Fsa.java:134)
	at com.jbt.Fsa.fsaMain(Fsa.java:45)
	at com.jbt.Run.main(Run.java:97)

2016-04-07 23:23:20   Very unlikely here that something is broken - exception is just because it's not a projectbut a project list or seminar or workshop that's not a project - double check for the ease of your heart at http://www.food.gov.uk/science/research/radiologicalresearch/radiosurv/radiological-habits-survey . Here is some help with traceback:java.lang.NullPointerException
	at com.jbt.Fsa.scrape(Fsa.java:134)
	at com.jbt.Fsa.fsaMain(Fsa.java:45)
	at com.jbt.Run.main(Run.java:97)

2016-04-07 23:23:25   Very unlikely here that something is broken - exception is just because it's not a projectbut a project list or seminar or workshop that's not a project - double check for the ease of your heart at http://www.food.gov.uk/science/research/radiologicalresearch/radiosurv/chernobyl . Here is some help with traceback:java.lang.NullPointerException
	at com.jbt.Fsa.scrape(Fsa.java:134)
	at com.jbt.Fsa.fsaMain(Fsa.java:45)
	at com.jbt.Run.main(Run.java:97)

2016-04-07 23:23:29   Very unlikely here that something is broken - exception is just because it's not a projectbut a project list or seminar or workshop that's not a project - double check for the ease of your heart at http://www.food.gov.uk/science/research/radiologicalresearch/radiosurv/rife . Here is some help with traceback:java.lang.NullPointerException
	at com.jbt.Fsa.scrape(Fsa.java:134)
	at com.jbt.Fsa.fsaMain(Fsa.java:45)
	at com.jbt.Run.main(Run.java:97)

2016-04-07 23:23:36   Very unlikely here that something is broken - exception is just because it's not a projectbut a project list or seminar or workshop that's not a project - double check for the ease of your heart at http://www.food.gov.uk/science/research/radiologicalresearch/radiosurv/radiologicalreview . Here is some help with traceback:java.lang.NullPointerException
	at com.jbt.Fsa.scrape(Fsa.java:134)
	at com.jbt.Fsa.fsaMain(Fsa.java:45)
	at com.jbt.Run.main(Run.java:97)

2016-04-07 23:23:51   Very unlikely here that something is broken - exception is just because it's not a projectbut a project list or seminar or workshop that's not a project - double check for the ease of your heart at http://www.food.gov.uk/science/research/radiologicalresearch/a05009r . Here is some help with traceback:java.lang.IndexOutOfBoundsException: Index: 1, Size: 0
	at java.util.ArrayList.rangeCheck(Unknown Source)
	at java.util.ArrayList.get(Unknown Source)
	at com.jbt.Fsa.scrape(Fsa.java:229)
	at com.jbt.Fsa.fsaMain(Fsa.java:45)
	at com.jbt.Run.main(Run.java:97)

2016-04-07 23:25:12   Very unlikely here that something is broken - exception is just because it's not a projectbut a project list or seminar or workshop that's not a project - double check for the ease of your heart at http://www.food.gov.uk/science/research/choiceandstandardsresearch/enf-research/fsmevaluation . Here is some help with traceback:java.lang.NullPointerException
	at com.jbt.Fsa.scrape(Fsa.java:134)
	at com.jbt.Fsa.fsaMain(Fsa.java:45)
	at com.jbt.Run.main(Run.java:97)

2016-04-07 23:25:19   Very unlikely here that something is broken - exception is just because it's not a projectbut a project list or seminar or workshop that's not a project - double check for the ease of your heart at http://www.food.gov.uk/science/research/choiceandstandardsresearch/enf-research/foodhygienesurvey . Here is some help with traceback:java.lang.NullPointerException
	at com.jbt.Fsa.scrape(Fsa.java:134)
	at com.jbt.Fsa.fsaMain(Fsa.java:45)
	at com.jbt.Run.main(Run.java:97)

2016-04-07 23:25:36   Very unlikely here that something is broken - exception is just because it's not a projectbut a project list or seminar or workshop that's not a project - double check for the ease of your heart at http://www.food.gov.uk/science/research/choiceandstandardsresearch/foodchain/summary . Here is some help with traceback:java.lang.NullPointerException
	at com.jbt.Fsa.scrape(Fsa.java:134)
	at com.jbt.Fsa.fsaMain(Fsa.java:45)
	at com.jbt.Run.main(Run.java:97)

2016-04-07 23:25:50   Very unlikely here that something is broken - exception is just because it's not a projectbut a project list or seminar or workshop that's not a project - double check for the ease of your heart at http://www.food.gov.uk/science/research/choiceandstandardsresearch/foodchain/chicken . Here is some help with traceback:java.lang.NullPointerException
	at com.jbt.Fsa.scrape(Fsa.java:134)
	at com.jbt.Fsa.fsaMain(Fsa.java:45)
	at com.jbt.Run.main(Run.java:97)

2016-04-07 23:26:01   Very unlikely here that something is broken - exception is just because it's not a projectbut a project list or seminar or workshop that's not a project - double check for the ease of your heart at http://www.food.gov.uk/science/research/choiceandstandardsresearch/foodchain/method . Here is some help with traceback:java.lang.NullPointerException
	at com.jbt.Fsa.scrape(Fsa.java:134)
	at com.jbt.Fsa.fsaMain(Fsa.java:45)
	at com.jbt.Run.main(Run.java:97)

2016-04-07 23:27:40   Very unlikely here that something is broken - exception is just because it's not a projectbut a project list or seminar or workshop that's not a project - double check for the ease of your heart at http://www.food.gov.uk/science/research/ssres/foodsafetyss/balance-of-risks-and-responsibilities . Here is some help with traceback:java.lang.NullPointerException
	at com.jbt.Fsa.scrape(Fsa.java:134)
	at com.jbt.Fsa.fsaMain(Fsa.java:45)
	at com.jbt.Run.main(Run.java:97)

2016-04-07 23:27:44   Very unlikely here that something is broken - exception is just because it's not a projectbut a project list or seminar or workshop that's not a project - double check for the ease of your heart at http://www.food.gov.uk/science/research/ssres/foodsafetyss/gmfoodpublicattitudes . Here is some help with traceback:java.lang.NullPointerException
	at com.jbt.Fsa.scrape(Fsa.java:134)
	at com.jbt.Fsa.fsaMain(Fsa.java:45)
	at com.jbt.Run.main(Run.java:97)

2016-04-07 23:27:48   Very unlikely here that something is broken - exception is just because it's not a projectbut a project list or seminar or workshop that's not a project - double check for the ease of your heart at http://www.food.gov.uk/science/research/ssres/foodsafetyss/publicattitudesmeatcontrols . Here is some help with traceback:java.lang.NullPointerException
	at com.jbt.Fsa.scrape(Fsa.java:134)
	at com.jbt.Fsa.fsaMain(Fsa.java:45)
	at com.jbt.Run.main(Run.java:97)

2016-04-07 23:27:59   Very unlikely here that something is broken - exception is just because it's not a projectbut a project list or seminar or workshop that's not a project - double check for the ease of your heart at http://www.food.gov.uk/science/research/ssres/foodsafetyss/gm-labelling . Here is some help with traceback:java.lang.NullPointerException
	at com.jbt.Fsa.scrape(Fsa.java:134)
	at com.jbt.Fsa.fsaMain(Fsa.java:45)
	at com.jbt.Run.main(Run.java:97)

2016-04-07 23:28:16   Very unlikely here that something is broken - exception is just because it's not a projectbut a project list or seminar or workshop that's not a project - double check for the ease of your heart at http://www.food.gov.uk/science/research/ssres/foodsafetyss/evalratings . Here is some help with traceback:java.lang.NullPointerException
	at com.jbt.Fsa.scrape(Fsa.java:134)
	at com.jbt.Fsa.fsaMain(Fsa.java:45)
	at com.jbt.Run.main(Run.java:97)

2016-04-07 23:28:19   Very unlikely here that something is broken - exception is just because it's not a projectbut a project list or seminar or workshop that's not a project - double check for the ease of your heart at http://www.food.gov.uk/science/research/ssres/foodsafetyss/vegresearch . Here is some help with traceback:java.lang.NullPointerException
	at com.jbt.Fsa.scrape(Fsa.java:134)
	at com.jbt.Fsa.fsaMain(Fsa.java:45)
	at com.jbt.Run.main(Run.java:97)

2016-04-07 23:28:37   Very unlikely here that something is broken - exception is just because it's not a projectbut a project list or seminar or workshop that's not a project - double check for the ease of your heart at http://www.food.gov.uk/science/research/research/ssres/foodsafetyss/citforumcampy . Here is some help with traceback:java.lang.NullPointerException
	at com.jbt.Fsa.scrape(Fsa.java:134)
	at com.jbt.Fsa.fsaMain(Fsa.java:45)
	at com.jbt.Run.main(Run.java:97)

2016-04-07 23:28:40   Very unlikely here that something is broken - exception is just because it's not a projectbut a project list or seminar or workshop that's not a project - double check for the ease of your heart at http://www.food.gov.uk/science/research/ssres/foodsafetyss/nano . Here is some help with traceback:java.lang.NullPointerException
	at com.jbt.Fsa.scrape(Fsa.java:134)
	at com.jbt.Fsa.fsaMain(Fsa.java:45)
	at com.jbt.Run.main(Run.java:97)

2016-04-07 23:29:25   Very unlikely here that something is broken - exception is just because it's not a projectbut a project list or seminar or workshop that's not a project - double check for the ease of your heart at http://www.food.gov.uk/science/research/supportingresearch/methodsofanalysisresearch/aoachplc . Here is some help with traceback:java.lang.NullPointerException
	at com.jbt.Fsa.scrape(Fsa.java:134)
	at com.jbt.Fsa.fsaMain(Fsa.java:45)
	at com.jbt.Run.main(Run.java:97)

2016-04-07 23:29:32   Very unlikely here that something is broken - exception is just because it's not a projectbut a project list or seminar or workshop that's not a project - double check for the ease of your heart at http://www.food.gov.uk/science/research/supportingresearch/strategicevidenceprogramme . Here is some help with traceback:java.lang.NullPointerException
	at com.jbt.Fsa.scrape(Fsa.java:134)
	at com.jbt.Fsa.fsaMain(Fsa.java:45)
	at com.jbt.Run.main(Run.java:97)

2016-04-07 23:29:47   Perhaps the link is broken or does not exist; it is also frequent at this particular website to have Unicode URLs that are not easily parsed - see at http://www.safefood.eu/Professional/Portfolio/1-Microbiology/The-validation-of-the-Qualicon-ABAX-system-for-us.aspx . and get project info manually if necessary. Here is some help with traceback:com.gargoylesoftware.htmlunit.FailingHttpStatusCodeException: 404 Not Found for http://www.safefood.eu/Professional/Research-Portfolio/1-Microbiology-Food-Hygiene/The-validation-of-the-Qualicon-ABAX%C3%82%C2%AE-system-for-us.aspx
	at com.gargoylesoftware.htmlunit.WebClient.throwFailingHttpStatusCodeExceptionIfNecessary(WebClient.java:537)
	at com.gargoylesoftware.htmlunit.WebClient.getPage(WebClient.java:362)
	at com.gargoylesoftware.htmlunit.WebClient.getPage(WebClient.java:417)
	at com.gargoylesoftware.htmlunit.WebClient.getPage(WebClient.java:402)
	at com.jbt.Fspb.scrape(Fspb.java:90)
	at com.jbt.Fspb.fspbMain(Fspb.java:51)
	at com.jbt.Run.main(Run.java:110)

2016-04-07 23:29:47   Perhaps the link is broken or does not exist; it is also frequent at this particular website to have Unicode URLs that are not easily parsed - see at http://www.safefood.eu/Professional/Portfolio/4-Nutrition-and-Healthy-Eating/Analysis-of-the-National-Childrens-Survey.aspx . and get project info manually if necessary. Here is some help with traceback:com.gargoylesoftware.htmlunit.FailingHttpStatusCodeException: 404 Not Found for http://www.safefood.eu/Professional/Research-Portfolio/3-Nutrition-Healthy-Eating/Analysis-of-the-National-Children%C3%A2%C2%80%C2%99s-Survey.aspx
	at com.gargoylesoftware.htmlunit.WebClient.throwFailingHttpStatusCodeExceptionIfNecessary(WebClient.java:537)
	at com.gargoylesoftware.htmlunit.WebClient.getPage(WebClient.java:362)
	at com.gargoylesoftware.htmlunit.WebClient.getPage(WebClient.java:417)
	at com.gargoylesoftware.htmlunit.WebClient.getPage(WebClient.java:402)
	at com.jbt.Fspb.scrape(Fspb.java:90)
	at com.jbt.Fspb.fspbMain(Fspb.java:51)
	at com.jbt.Run.main(Run.java:110)

2016-04-07 23:29:47   Perhaps the link is broken or does not exist; it is also frequent at this particular website to have Unicode URLs that are not easily parsed - see at http://www.safefood.eu/Professional/Portfolio/4-Nutrition-and-Healthy-Eating/Nutrition-Take-Out-series--wrap-style-sandwiches.aspx . and get project info manually if necessary. Here is some help with traceback:com.gargoylesoftware.htmlunit.FailingHttpStatusCodeException: 404 Not Found for http://www.safefood.eu/Professional/Research-Portfolio/3-Nutrition-Healthy-Eating/Nutrition-Take-Out-series-%C3%A2%C2%80%C2%93-wrap-style-sandwiches.aspx
	at com.gargoylesoftware.htmlunit.WebClient.throwFailingHttpStatusCodeExceptionIfNecessary(WebClient.java:537)
	at com.gargoylesoftware.htmlunit.WebClient.getPage(WebClient.java:362)
	at com.gargoylesoftware.htmlunit.WebClient.getPage(WebClient.java:417)
	at com.gargoylesoftware.htmlunit.WebClient.getPage(WebClient.java:402)
	at com.jbt.Fspb.scrape(Fspb.java:90)
	at com.jbt.Fspb.fspbMain(Fspb.java:51)
	at com.jbt.Run.main(Run.java:110)

2016-04-07 23:29:47   Perhaps the link is broken or does not exist; it is also frequent at this particular website to have Unicode URLs that are not easily parsed - see at http://www.safefood.eu/Professional/Portfolio/4-Nutrition-and-Healthy-Eating/Nutrition-Take-Out-series--pizza,-burgers-and-Chi.aspx . and get project info manually if necessary. Here is some help with traceback:com.gargoylesoftware.htmlunit.FailingHttpStatusCodeException: 404 Not Found for http://www.safefood.eu/Professional/Research-Portfolio/3-Nutrition-Healthy-Eating/Nutrition-Take-Out-series-%C3%A2%C2%80%C2%93-pizza,-burgers-and-Chi.aspx
	at com.gargoylesoftware.htmlunit.WebClient.throwFailingHttpStatusCodeExceptionIfNecessary(WebClient.java:537)
	at com.gargoylesoftware.htmlunit.WebClient.getPage(WebClient.java:362)
	at com.gargoylesoftware.htmlunit.WebClient.getPage(WebClient.java:417)
	at com.gargoylesoftware.htmlunit.WebClient.getPage(WebClient.java:402)
	at com.jbt.Fspb.scrape(Fspb.java:90)
	at com.jbt.Fspb.fspbMain(Fspb.java:51)
	at com.jbt.Run.main(Run.java:110)

2016-04-07 23:29:47   Perhaps the link is broken or does not exist; it is also frequent at this particular website to have Unicode URLs that are not easily parsed - see at http://www.safefood.eu/Professional/Portfolio/5-Consumer-Focused-Reviews/Consumer-Focused-Review-of-Mens-Food-Behaviour.aspx . and get project info manually if necessary. Here is some help with traceback:com.gargoylesoftware.htmlunit.FailingHttpStatusCodeException: 404 Not Found for http://www.safefood.eu/Professional/Research-Portfolio/4-Consumer-Focused-Reviews/Consumer-focused-review-of-men%C3%A2%C2%80%C2%99s-food-behaviour.aspx
	at com.gargoylesoftware.htmlunit.WebClient.throwFailingHttpStatusCodeExceptionIfNecessary(WebClient.java:537)
	at com.gargoylesoftware.htmlunit.WebClient.getPage(WebClient.java:362)
	at com.gargoylesoftware.htmlunit.WebClient.getPage(WebClient.java:417)
	at com.gargoylesoftware.htmlunit.WebClient.getPage(WebClient.java:402)
	at com.jbt.Fspb.scrape(Fspb.java:90)
	at com.jbt.Fspb.fspbMain(Fspb.java:51)
	at com.jbt.Run.main(Run.java:110)

2016-04-07 23:29:47   Perhaps the project information is not complete yet and needs to be re-scraped later - pass it for now and come back later . Double check here if you wish - http://www.safefood.eu/Professional/Portfolio/5-Consumer-Focused-Reviews/Consumer-Focused-Review-of-the-chicken-food-chain.aspx . Here is some help with traceback:java.lang.NullPointerException
	at com.jbt.Fspb.scrape(Fspb.java:251)
	at com.jbt.Fspb.fspbMain(Fspb.java:51)
	at com.jbt.Run.main(Run.java:110)

2016-04-07 23:29:47   Perhaps the project information is not complete yet and needs to be re-scraped later - pass it for now and come back later . Double check here if you wish - http://www.safefood.eu/Professional/Portfolio/5-Consumer-Focused-Reviews/Consumer-focused-review-of-food-behaviours.aspx . Here is some help with traceback:java.lang.NullPointerException
	at com.jbt.Fspb.scrape(Fspb.java:251)
	at com.jbt.Fspb.fspbMain(Fspb.java:51)
	at com.jbt.Run.main(Run.java:110)

2016-04-07 23:29:47   Perhaps the project information is not complete yet and needs to be re-scraped later - pass it for now and come back later . Double check here if you wish - http://www.safefood.eu/Professional/Portfolio/5-Consumer-Focused-Reviews/Consumer-focused-review-of-the-finfish-food-chain.aspx . Here is some help with traceback:java.lang.NullPointerException
	at com.jbt.Fspb.scrape(Fspb.java:251)
	at com.jbt.Fspb.fspbMain(Fspb.java:51)
	at com.jbt.Run.main(Run.java:110)

2016-04-07 23:29:47   Perhaps the project information is not complete yet and needs to be re-scraped later - pass it for now and come back later . Double check here if you wish - http://www.safefood.eu/Professional/Portfolio/5-Consumer-Focused-Reviews/Consumer-focused-review-of-where-our-food-comes-fr.aspx . Here is some help with traceback:java.lang.NullPointerException
	at com.jbt.Fspb.scrape(Fspb.java:251)
	at com.jbt.Fspb.fspbMain(Fspb.java:51)
	at com.jbt.Run.main(Run.java:110)

2016-04-07 23:29:47   Perhaps the project information is not complete yet and needs to be re-scraped later - pass it for now and come back later . Double check here if you wish - http://www.safefood.eu/Professional/Portfolio/5-Consumer-Focused-Reviews/Consumer-focused-review-of-the-pork-supply-chain.aspx . Here is some help with traceback:java.lang.NullPointerException
	at com.jbt.Fspb.scrape(Fspb.java:251)
	at com.jbt.Fspb.fspbMain(Fspb.java:51)
	at com.jbt.Run.main(Run.java:110)

2016-04-07 23:29:47   Perhaps the project information is not complete yet and needs to be re-scraped later - pass it for now and come back later . Double check here if you wish - http://www.safefood.eu/Professional/Portfolio/5-Consumer-Focused-Reviews/Consumer-focused-review-of-the-milk-supply-chain.aspx . Here is some help with traceback:java.lang.NullPointerException
	at com.jbt.Fspb.scrape(Fspb.java:251)
	at com.jbt.Fspb.fspbMain(Fspb.java:51)
	at com.jbt.Run.main(Run.java:110)

2016-04-07 23:29:47   Perhaps the project information is not complete yet and needs to be re-scraped later - pass it for now and come back later . Double check here if you wish - http://www.safefood.eu/Professional/Portfolio/5-Consumer-Focused-Reviews/Consumer-focused-review-of-the-beef-food-chain.aspx . Here is some help with traceback:java.lang.NullPointerException
	at com.jbt.Fspb.scrape(Fspb.java:251)
	at com.jbt.Fspb.fspbMain(Fspb.java:51)
	at com.jbt.Run.main(Run.java:110)

2016-04-07 23:29:47   Perhaps the project information is not complete yet and needs to be re-scraped later - pass it for now and come back later . Double check here if you wish - http://www.safefood.eu/Professional/Portfolio/5-Consumer-Focused-Reviews/Consumer-focused-review-of-the-fruit-and-vegetable.aspx . Here is some help with traceback:java.lang.NullPointerException
	at com.jbt.Fspb.scrape(Fspb.java:251)
	at com.jbt.Fspb.fspbMain(Fspb.java:51)
	at com.jbt.Run.main(Run.java:110)

2016-04-07 23:37:15   Perhaps the link is broken or does not exist, e.g. Page Not Found. The website can be broken altogether because it happens on RELU - http://relu.data-archive.ac.uk/explore-data/search-browse/project/?ID=RES-229-27-0007 . Here is some help with traceback:java.lang.NullPointerException
	at com.jbt.Relu.scrape(Relu.java:123)
	at com.jbt.Relu.reluMain(Relu.java:44)
	at com.jbt.Run.main(Run.java:162)

2016-04-07 23:39:37   Something went terribly wrong with scraping here or maybe just a generic link to Related publications that's not needed here - check at http://cereals.ahdb.org.uk/publications.aspx?subcategory=2525&relatedPublications=4016 . Here is some help with traceback:java.lang.NullPointerException
	at com.jbt.AHDB.cereals(AHDB.java:1050)
	at com.jbt.AHDB.ahdbMain(AHDB.java:121)
	at com.jbt.Run.main(Run.java:175)

2016-04-07 23:39:37   Something went terribly wrong with scraping here or maybe just a generic link to Related publications that's not needed here - check at http://cereals.ahdb.org.uk/publications.aspx?subcategory=2523&relatedPublications=4017 . Here is some help with traceback:java.lang.NullPointerException
	at com.jbt.AHDB.cereals(AHDB.java:1050)
	at com.jbt.AHDB.ahdbMain(AHDB.java:121)
	at com.jbt.Run.main(Run.java:175)

2016-04-07 23:39:37   Something went terribly wrong with scraping here or maybe just a generic link to Related publications that's not needed here - check at http://cereals.ahdb.org.uk/publications.aspx?subcategory=2524&relatedPublications=4018 . Here is some help with traceback:java.lang.NullPointerException
	at com.jbt.AHDB.cereals(AHDB.java:1050)
	at com.jbt.AHDB.ahdbMain(AHDB.java:121)
	at com.jbt.Run.main(Run.java:175)

2016-04-07 23:39:37   Something went terribly wrong with scraping here or maybe just a generic link to Related publications that's not needed here - check at http://cereals.ahdb.org.uk/publications.aspx?subcategory=2521&relatedPublications=4019 . Here is some help with traceback:java.lang.NullPointerException
	at com.jbt.AHDB.cereals(AHDB.java:1050)
	at com.jbt.AHDB.ahdbMain(AHDB.java:121)
	at com.jbt.Run.main(Run.java:175)

2016-04-07 23:39:37   Something went terribly wrong with scraping here or maybe just a generic link to Related publications that's not needed here - check at http://cereals.ahdb.org.uk/publications.aspx?subcategory=2527&relatedPublications=4020 . Here is some help with traceback:java.lang.NullPointerException
	at com.jbt.AHDB.cereals(AHDB.java:1050)
	at com.jbt.AHDB.ahdbMain(AHDB.java:121)
	at com.jbt.Run.main(Run.java:175)

2016-04-07 23:39:37   Something went terribly wrong with scraping here or maybe just a generic link to Related publications that's not needed here - check at http://cereals.ahdb.org.uk/publications.aspx?subcategory=2528&relatedPublications=4021 . Here is some help with traceback:java.lang.NullPointerException
	at com.jbt.AHDB.cereals(AHDB.java:1050)
	at com.jbt.AHDB.ahdbMain(AHDB.java:121)
	at com.jbt.Run.main(Run.java:175)

2016-04-07 23:39:37   Something went terribly wrong with scraping here or maybe just a generic link to Related publications that's not needed here - check at http://cereals.ahdb.org.uk/publications.aspx?subcategory=2526&relatedPublications=4022 . Here is some help with traceback:java.lang.NullPointerException
	at com.jbt.AHDB.cereals(AHDB.java:1050)
	at com.jbt.AHDB.ahdbMain(AHDB.java:121)
	at com.jbt.Run.main(Run.java:175)

2016-04-07 23:39:37   Something went terribly wrong with scraping here or maybe just a generic link to Related publications that's not needed here - check at http://cereals.ahdb.org.uk/publications/2015/september/01/developing-new-types-of-wheat-with-good-breadmaking-at-low-protein-content.aspx . Here is some help with traceback:java.io.IOException
	at com.jbt.AHDB.cereals(AHDB.java:1052)
	at com.jbt.AHDB.ahdbMain(AHDB.java:121)
	at com.jbt.Run.main(Run.java:175)

2016-04-08 01:06:13   Perhaps the link is broken or does not exist - http://ted.europa.eu/udl?uri=TED:NOTICE:3-2016:TEXT:EN:HTML&src=0 . Here is some help with traceback:java.lang.NumberFormatException: For input string: " United Kingdom"
	at java.lang.NumberFormatException.forInputString(Unknown Source)
	at java.lang.Integer.parseInt(Unknown Source)
	at java.lang.Integer.valueOf(Unknown Source)
	at com.jbt.Efsa.scrape(Efsa.java:282)
	at com.jbt.Efsa.efsaMain(Efsa.java:42)
	at com.jbt.Run.main(Run.java:71)

2016-04-08 01:06:13   Perhaps the link is broken or does not exist - http://ted.europa.eu/udl?uri=TED:NOTICE:5-2016:TEXT:EN:HTML&src=0 . Here is some help with traceback:java.lang.NumberFormatException: For input string: " Netherlands"
	at java.lang.NumberFormatException.forInputString(Unknown Source)
	at java.lang.Integer.parseInt(Unknown Source)
	at java.lang.Integer.valueOf(Unknown Source)
	at com.jbt.Efsa.scrape(Efsa.java:282)
	at com.jbt.Efsa.efsaMain(Efsa.java:42)
	at com.jbt.Run.main(Run.java:71)

2016-04-08 01:06:13   Perhaps the link is broken or does not exist - http://ted.europa.eu/udl?uri=TED:NOTICE:2-2016:TEXT:EN:HTML&src=0 . Here is some help with traceback:java.lang.NumberFormatException: For input string: " Spain"
	at java.lang.NumberFormatException.forInputString(Unknown Source)
	at java.lang.Integer.parseInt(Unknown Source)
	at java.lang.Integer.valueOf(Unknown Source)
	at com.jbt.Efsa.scrape(Efsa.java:282)
	at com.jbt.Efsa.efsaMain(Efsa.java:42)
	at com.jbt.Run.main(Run.java:71)

2016-04-08 01:06:13   Perhaps the link is broken or does not exist - http://ted.europa.eu/udl?uri=TED:NOTICE:434796-2015:TEXT:EN:HTML . Here is some help with traceback:java.lang.NumberFormatException: For input string: " United Kingdom "
	at java.lang.NumberFormatException.forInputString(Unknown Source)
	at java.lang.Integer.parseInt(Unknown Source)
	at java.lang.Integer.valueOf(Unknown Source)
	at com.jbt.Efsa.scrape(Efsa.java:282)
	at com.jbt.Efsa.efsaMain(Efsa.java:42)
	at com.jbt.Run.main(Run.java:71)

2016-04-08 01:06:13   Perhaps the link is broken or does not exist - http://ted.europa.eu/udl?uri=TED:NOTICE:438490-2015:TEXT:EN:HTML . Here is some help with traceback:java.lang.NumberFormatException: For input string: " Netherlands "
	at java.lang.NumberFormatException.forInputString(Unknown Source)
	at java.lang.Integer.parseInt(Unknown Source)
	at java.lang.Integer.valueOf(Unknown Source)
	at com.jbt.Efsa.scrape(Efsa.java:282)
	at com.jbt.Efsa.efsaMain(Efsa.java:42)
	at com.jbt.Run.main(Run.java:71)

2016-04-08 01:06:13   Perhaps the link is broken or does not exist - http://ted.europa.eu/udl?uri=TED:NOTICE:408690-2015:TEXT:EN:HTML&src=0 . Here is some help with traceback:java.lang.NumberFormatException: For input string: " United States"
	at java.lang.NumberFormatException.forInputString(Unknown Source)
	at java.lang.Integer.parseInt(Unknown Source)
	at java.lang.Integer.valueOf(Unknown Source)
	at com.jbt.Efsa.scrape(Efsa.java:282)
	at com.jbt.Efsa.efsaMain(Efsa.java:42)
	at com.jbt.Run.main(Run.java:71)

